2025-04-16T07:13:27 POST /api/user/login
2025-04-16T07:17:39 GET /api/books
2025-04-16T07:18:01 GET /api/books
2025-04-16T07:19:33 GET /api/books
2025-04-16T07:19:36 GET /api/books
2025-04-16T07:20:27 GET /api/books
2025-04-16T07:40:26 GET /api/books/13
2025-04-16T07:40:35 GET /api/books
2025-04-16T07:40:40 POST /api/books
2025-04-16T07:42:15 POST /api/books
2025-04-16T07:42:29 POST /api/books
2025-04-16T07:44:20 POST /api/books
2025-04-16T07:44:32 POST /api/books
2025-04-16T07:44:58 POST /api/books
2025-04-16T07:45:56 POST /api/books
2025-04-16T07:46:02 POST /api/books
2025-04-16T07:46:10 POST /api/books
2025-04-16T07:46:28 POST /api/books
2025-04-16T07:46:48 POST /api/books
2025-04-16T07:47:54 POST /api/books
2025-04-16T07:48:11 POST /api/books
2025-04-16T07:48:21 POST /api/books
2025-04-16T07:49:09 POST /api/books
2025-04-16T07:49:24 POST /api/books
2025-04-16T07:49:29 POST /api/books
2025-04-16T07:49:38 POST /api/books
2025-04-16T07:49:59 GET /api/books
2025-04-16T07:50:56 GET /api/books
2025-04-16T07:51:02 POST /api/books
2025-04-16T07:51:24 POST /api/books
2025-04-16T07:51:42 POST /api/books
2025-04-16T07:52:02 POST /api/books
2025-04-16T07:52:07 GET /api/books
2025-04-16T07:52:17 POST /api/books
2025-04-16T07:52:18 POST /api/books
2025-04-16T07:52:19 POST /api/books
2025-04-16T07:52:21 GET /api/books
2025-04-16T07:52:33 GET /api/books/219f135f-ee1a-4c2c-adc1-cf731034d761
2025-04-16T07:52:38 GET /api/books/219f135f-ee1a-4c2c-adc1-cf731034d76
2025-04-16T07:55:00 GET /api/books
2025-04-16T07:55:05 POST /api/books
2025-04-16T07:55:35 POST /api/books
2025-04-16T07:56:18 POST /api/books
2025-04-16T07:56:31 GET /api/books/da05900c-c819-44e9-9372-38f017a84c4a
2025-04-16T08:03:10 GET /api/books
2025-04-16T08:03:14 POST /api/books
2025-04-16T08:03:25 DELETE /api/books/abea6f41-277b-41be-84d8-b0fe91c7d87a
2025-04-16T08:03:45 GET /api/books/
2025-04-16T08:03:48 POST /api/books/
2025-04-16T08:03:59 DELETE /api/books/c440d8c8-670f-4d23-9610-b079d44533cc
2025-04-16T08:04:16 GET /api/books
2025-04-16T08:39:39 POST /api/books
2025-04-16T08:42:00 POST /api/books
2025-04-16T08:43:19 POST /api/books
2025-04-16T08:43:27 GET /api/books
2025-04-16T08:45:11 GET /api/books
2025-04-16T08:45:19 POST /api/books
2025-04-16T08:45:25 GET /api/books
2025-04-16T09:09:47 GET /api/books
2025-04-16T09:09:51 POST /api/books
2025-04-16T09:10:47 POST /api/books
2025-04-16T09:11:51 POST /api/books
2025-04-16T09:22:29 POST /api/books
2025-04-16T09:25:36 POST /api/books
2025-04-16T09:27:26 POST /api/books
2025-04-16T10:08:17 POST /api/books
2025-04-16T10:09:00 POST /api/books
2025-04-16T10:10:20 POST /api/books
2025-04-16T10:29:09 GET /api/
2025-04-16T10:31:07 GET /api/books/12345/download
2025-04-16T10:31:55 GET /public/1.jpg
2025-04-16T10:32:35 GET /api/books/:id/download/1.jp
2025-04-16T10:32:51 GET /api/books/:id/download/1.jp
2025-04-16T10:32:58 GET /api/books/:id/download/1.jpg
2025-04-16T10:33:49 POST /api/books
2025-04-16T10:37:59 POST /api/books
2025-04-16T10:38:28 POST /api/books/5501b5f0-dcdf-4d61-9dbb-021849af98bc/download
2025-04-16T10:38:36 GET /api/books/5501b5f0-dcdf-4d61-9dbb-021849af98bc/download
2025-04-16T10:41:15 GET /api/books/5501b5f0-dcdf-4d61-9dbb-021849af98bc/download
2025-04-16T10:41:29 POST /api/books
2025-04-16T10:41:49 GET /api/books/070d3b98-04cf-4220-b2ce-e1d2c21bd79b/download
2025-04-16T10:42:42 POST /api/books
2025-04-16T10:42:55 POST /api/books/433f33b3-4b99-46d4-81eb-cc0f43837c9c/download
2025-04-16T10:43:02 GET /api/books/433f33b3-4b99-46d4-81eb-cc0f43837c9c/download
2025-04-16T10:47:07 POST /api/books
2025-04-16T10:47:24 GET /api/books/2242c18a-545c-4bc6-abbc-9c866b673ae3/download
2025-04-16T10:58:51 POST /api/books
2025-04-16T10:59:08 GET /api/books/c2f8781d-6409-44cd-9389-26b4dce78c44
2025-04-16T10:59:22 GET /api/books/c2f8781d-6409-44cd-9389-26b4dce78c44/download
2025-04-16T11:02:16 POST /api/books/
2025-04-16T11:02:24 GET /api/books/e998ddad-11c7-45fc-9951-daa7169e65ae
2025-04-16T11:02:33 GET /api/books/e998ddad-11c7-45fc-9951-daa7169e65ae/download
